<?xml version="1.0" encoding="UTF-8"?>
<!-- Generated by org.testng.reporters.JUnitReportReporter -->
<testsuite hostname="AVNRED666-PC" failures="0" tests="2" name="dropdowns.DropdownTests" time="15.292" errors="0" timestamp="2021-12-19T11:56:21 IST" skipped="0">
  <testcase classname="dropdowns.DropdownTests" name="testDropdownSelectedOption" time="9.876"/>
  <system-out/>
  <testcase classname="dropdowns.DropdownTests" name="testDropdownMultiSelect" time="5.416"/>
  <system-out/>
</testsuite> <!-- dropdowns.DropdownTests -->
